2024-01-22 20:14:21.335 [info] Log level: Info
2024-01-22 20:14:21.336 [info] Validating found git in: "git"
2024-01-22 20:14:21.336 [info] Using git "2.34.1" from "git"
2024-01-22 20:14:21.336 [info] > git rev-parse --show-toplevel [98ms]
2024-01-22 20:14:21.336 [info] fatal: not a git repository (or any of the parent directories): .git
2024-01-22 20:14:21.336 [info] > git rev-parse --show-toplevel [10ms]
2024-01-22 20:14:21.336 [info] fatal: not a git repository (or any of the parent directories): .git
2024-01-22 20:14:21.336 [info] > git rev-parse --show-toplevel [7ms]
2024-01-22 20:14:21.336 [info] fatal: not a git repository (or any of the parent directories): .git
2024-01-22 20:14:21.340 [info] > git rev-parse --show-toplevel [6ms]
2024-01-22 20:14:21.341 [info] fatal: not a git repository (or any of the parent directories): .git
2024-01-22 20:14:21.364 [info] > git rev-parse --show-toplevel [3ms]
2024-01-22 20:14:21.364 [info] fatal: not a git repository (or any of the parent directories): .git
2024-01-22 20:29:56.953 [info] > git rev-parse --show-toplevel [118ms]
2024-01-22 20:29:56.954 [info] fatal: not a git repository (or any of the parent directories): .git
2024-01-22 20:31:52.809 [info] > git rev-parse --show-toplevel [5ms]
2024-01-22 20:31:52.811 [info] fatal: not a git repository (or any of the parent directories): .git
2024-01-22 20:42:15.262 [info] > git rev-parse --show-toplevel [108ms]
2024-01-22 20:42:15.266 [info] fatal: not a git repository (or any of the parent directories): .git
2024-01-24 09:01:06.587 [info] Log level: Info
2024-01-24 09:01:06.591 [info] Validating found git in: "git"
2024-01-24 09:01:06.591 [info] Using git "2.34.1" from "git"
2024-01-24 09:01:06.591 [info] > git rev-parse --show-toplevel [7ms]
2024-01-24 09:01:06.591 [info] fatal: not a git repository (or any of the parent directories): .git
2024-01-24 09:01:06.718 [info] > git rev-parse --show-toplevel [109ms]
2024-01-24 09:01:06.718 [info] fatal: not a git repository (or any of the parent directories): .git
2024-01-24 09:01:06.740 [info] > git rev-parse --show-toplevel [8ms]
2024-01-24 09:01:06.740 [info] fatal: not a git repository (or any of the parent directories): .git
2024-01-24 09:01:06.761 [info] > git rev-parse --show-toplevel [4ms]
2024-01-24 09:01:06.762 [info] fatal: not a git repository (or any of the parent directories): .git
2024-01-24 09:01:06.785 [info] > git rev-parse --show-toplevel [5ms]
2024-01-24 09:01:06.785 [info] fatal: not a git repository (or any of the parent directories): .git
2024-01-24 09:01:06.796 [info] > git rev-parse --show-toplevel [2ms]
2024-01-24 09:01:06.797 [info] fatal: not a git repository (or any of the parent directories): .git
2024-01-24 09:01:06.812 [info] > git rev-parse --show-toplevel [2ms]
2024-01-24 09:01:06.812 [info] fatal: not a git repository (or any of the parent directories): .git
2024-01-24 09:01:06.830 [info] > git rev-parse --show-toplevel [5ms]
2024-01-24 09:01:06.830 [info] fatal: not a git repository (or any of the parent directories): .git
2024-01-24 22:20:51.269 [info] > git rev-parse --show-toplevel [19ms]
2024-01-24 22:20:51.311 [info] > git rev-parse --git-dir --git-common-dir [1ms]
2024-01-24 22:20:51.560 [info] Open repository: /root
2024-01-24 22:20:51.702 [info] > git config --get commit.template [68ms]
2024-01-24 22:20:51.714 [info] No remotes found in the git config file.
2024-01-24 22:20:51.724 [info] > git for-each-ref --format=%(refname)%00%(upstream:short)%00%(objectname)%00%(upstream:track)%00%(upstream:remotename)%00%(upstream:remoteref) refs/heads/master refs/remotes/master [34ms]
2024-01-24 22:20:52.913 [info] > git status -z -uall [1155ms]
2024-01-24 22:20:54.436 [info] > git config --get commit.template [158ms]
2024-01-24 22:20:54.476 [info] No remotes found in the git config file.
2024-01-24 22:20:54.478 [info] > git for-each-ref --format=%(refname)%00%(upstream:short)%00%(objectname)%00%(upstream:track)%00%(upstream:remotename)%00%(upstream:remoteref) refs/heads/master refs/remotes/master [3ms]
2024-01-24 22:20:54.595 [info] > git status -z -uall [63ms]
2024-01-24 22:21:50.989 [info] > git check-ignore -v -z --stdin [4ms]
