2024-01-18 21:55:23.158 [info] Extension host with pid 2745 started
2024-01-18 21:55:23.159 [error] Error: EEXIST: file already exists, open '/root/.vscode-server/data/User/workspaceStorage/004e33f01e5b915cdd99a687c3386a27/vscode.lock'
2024-01-18 21:55:23.180 [info] Lock '/root/.vscode-server/data/User/workspaceStorage/004e33f01e5b915cdd99a687c3386a27/vscode.lock': Could not acquire lock, checking if the file is stale.
2024-01-18 21:55:23.193 [info] Lock '/root/.vscode-server/data/User/workspaceStorage/004e33f01e5b915cdd99a687c3386a27/vscode.lock': The pid 2463 appears to be gone.
2024-01-18 21:55:23.193 [info] Lock '/root/.vscode-server/data/User/workspaceStorage/004e33f01e5b915cdd99a687c3386a27/vscode.lock': Deleting a stale lock.
2024-01-18 21:55:23.223 [info] Lock '/root/.vscode-server/data/User/workspaceStorage/004e33f01e5b915cdd99a687c3386a27/vscode.lock': Lock acquired.
2024-01-18 21:55:23.425 [info] ExtensionService#_doActivateExtension vscode.emmet, startup: false, activationEvent: 'onLanguage'
2024-01-18 21:55:23.427 [info] ExtensionService#_doActivateExtension vscode.html-language-features, startup: false, activationEvent: 'onLanguage:html'
2024-01-18 21:55:24.444 [info] ExtensionService#_doActivateExtension vscode.git-base, startup: true, activationEvent: '*', root cause: vscode.git
2024-01-18 21:55:24.510 [info] ExtensionService#_doActivateExtension vscode.git, startup: true, activationEvent: '*'
2024-01-18 21:55:24.511 [info] ExtensionService#_doActivateExtension vscode.github, startup: true, activationEvent: '*'
2024-01-18 21:55:25.517 [info] Eager extensions activated
2024-01-18 21:55:25.526 [info] ExtensionService#_doActivateExtension vscode.debug-auto-launch, startup: false, activationEvent: 'onStartupFinished'
2024-01-18 21:55:25.527 [info] ExtensionService#_doActivateExtension vscode.merge-conflict, startup: false, activationEvent: 'onStartupFinished'
2024-01-18 21:55:25.529 [info] ExtensionService#_doActivateExtension ritwickdey.LiveServer, startup: false, activationEvent: 'onStartupFinished'
2024-01-18 21:55:28.785 [error] Error: spawn /mnt/c/Program Files/Google/Chrome/Application/chrome.exe ENOENT
	at ChildProcess._handle.onexit (node:internal/child_process:283:19)
	at onErrorNT (node:internal/child_process:476:16)
	at processTicksAndRejections (node:internal/process/task_queues:82:21)
	at runNextTicks (node:internal/process/task_queues:64:3)
	at listOnTimeout (node:internal/timers:538:9)
	at process.processTimers (node:internal/timers:512:7)
2024-01-18 21:55:50.891 [info] ExtensionService#_doActivateExtension vscode.json-language-features, startup: false, activationEvent: 'onLanguage:jsonc'
2024-01-18 21:55:50.892 [info] ExtensionService#_doActivateExtension vscode.typescript-language-features, startup: false, activationEvent: 'onLanguage:jsonc'
2024-01-18 21:56:32.939 [warning] vscode.json-language-features - Code actions of kind 'quickfix 'requested but returned code action is of kind 'source.sort.json'. Code action will be dropped. Please check 'CodeActionContext.only' to only return requested code actions.
2024-01-18 21:56:32.997 [warning] vscode.json-language-features - Code actions of kind 'quickfix 'requested but returned code action is of kind 'source.sort.json'. Code action will be dropped. Please check 'CodeActionContext.only' to only return requested code actions.
