0 verbose cli [ '/usr/bin/node', '/usr/bin/npm', 'install', '-g', 'n' ]
1 info using npm@8.5.1
2 info using node@v12.22.9
3 timing npm:load:whichnode Completed in 0ms
4 timing config:load:defaults Completed in 2ms
5 timing config:load:file:/usr/share/nodejs/npm/npmrc Completed in 4ms
6 timing config:load:builtin Completed in 4ms
7 timing config:load:cli Completed in 3ms
8 timing config:load:env Completed in 0ms
9 timing config:load:project Completed in 2ms
10 timing config:load:file:/root/.npmrc Completed in 0ms
11 timing config:load:user Completed in 0ms
12 timing config:load:file:/etc/npmrc Completed in 0ms
13 timing config:load:global Completed in 1ms
14 timing config:load:validate Completed in 0ms
15 timing config:load:credentials Completed in 23ms
16 timing config:load:setEnvs Completed in 1ms
17 timing config:load Completed in 37ms
18 timing npm:load:configload Completed in 37ms
19 timing npm:load:setTitle Completed in 1ms
20 timing config:load:flatten Completed in 5ms
21 timing npm:load:display Completed in 8ms
22 verbose logfile /root/.npm/_logs/2024-01-23T02_21_57_963Z-debug-0.log
23 timing npm:load:logFile Completed in 10ms
24 timing npm:load:timers Completed in 0ms
25 timing npm:load:configScope Completed in 0ms
26 timing npm:load Completed in 58ms
27 timing arborist:ctor Completed in 1ms
28 timing idealTree:init Completed in 16ms
29 timing idealTree:userRequests Completed in 12ms
30 silly idealTree buildDeps
31 silly fetch manifest n@*
32 http fetch GET 200 https://registry.npmjs.org/n 780ms (cache miss)
33 silly placeDep ROOT n@9.2.0 OK for:  want: *
34 timing idealTree:#root Completed in 798ms
35 timing idealTree:node_modules/n Completed in 0ms
36 timing idealTree:buildDeps Completed in 801ms
37 timing idealTree:fixDepFlags Completed in 0ms
38 timing idealTree Completed in 834ms
39 timing reify:loadTrees Completed in 835ms
40 timing reify:diffTrees Completed in 1ms
41 silly reify moves {}
42 timing reify:retireShallow Completed in 0ms
43 timing reify:createSparse Completed in 5ms
44 timing reify:loadBundles Completed in 0ms
45 silly audit bulk request { n: [ '9.2.0' ] }
46 silly tarball no local data for n@https://registry.npmjs.org/n/-/n-9.2.0.tgz. Extracting by manifest.
47 http fetch POST 200 https://registry.npmjs.org/-/npm/v1/security/advisories/bulk 201ms
48 timing auditReport:getReport Completed in 203ms
49 silly audit report {}
50 timing auditReport:init Completed in 0ms
51 timing reify:audit Completed in 204ms
52 http fetch GET 200 https://registry.npmjs.org/n/-/n-9.2.0.tgz 290ms (cache miss)
53 timing reifyNode:node_modules/n Completed in 301ms
54 timing reify:unpack Completed in 302ms
55 timing reify:unretire Completed in 0ms
56 timing build:queue Completed in 1ms
57 timing build:link:node_modules/n Completed in 5ms
58 timing build:link Completed in 5ms
59 timing build:deps Completed in 7ms
60 timing build Completed in 7ms
61 timing reify:build Completed in 8ms
62 timing reify:trash Completed in 0ms
63 timing reify Completed in 1179ms
64 silly ADD node_modules/n
65 timing command:install Completed in 1186ms
66 verbose exit 0
67 timing npm Completed in 1450ms
68 info ok
