2024-01-18 22:50:27.825 [info] Log level: Info
2024-01-18 22:50:27.825 [info] Validating found git in: "git"
2024-01-18 22:50:27.825 [info] Using git "2.34.1" from "git"
2024-01-18 22:50:27.825 [info] > git rev-parse --show-toplevel [270ms]
2024-01-18 22:50:27.825 [info] fatal: not a git repository (or any of the parent directories): .git
2024-01-18 22:50:27.825 [info] > git rev-parse --show-toplevel [85ms]
2024-01-18 22:50:27.825 [info] fatal: not a git repository (or any of the parent directories): .git
2024-01-18 22:50:27.826 [info] > git rev-parse --show-toplevel [34ms]
2024-01-18 22:50:27.826 [info] fatal: not a git repository (or any of the parent directories): .git
2024-01-18 22:50:27.909 [info] > git rev-parse --show-toplevel [33ms]
2024-01-18 22:50:27.910 [info] fatal: not a git repository (or any parent up to mount point /)
Stopping at filesystem boundary (GIT_DISCOVERY_ACROSS_FILESYSTEM not set).
2024-01-18 22:50:28.105 [info] > git rev-parse --show-toplevel [53ms]
2024-01-18 22:50:28.105 [info] fatal: not a git repository (or any of the parent directories): .git
2024-01-18 22:50:28.210 [info] > git rev-parse --show-toplevel [29ms]
2024-01-18 22:50:28.210 [info] fatal: not a git repository (or any of the parent directories): .git
2024-01-18 22:50:28.539 [info] > git rev-parse --show-toplevel [313ms]
2024-01-18 22:50:28.539 [info] fatal: not a git repository (or any of the parent directories): .git
2024-01-18 22:50:28.558 [info] > git rev-parse --show-toplevel [4ms]
2024-01-18 22:50:28.558 [info] fatal: not a git repository (or any of the parent directories): .git
2024-01-18 22:50:28.581 [info] > git rev-parse --show-toplevel [3ms]
2024-01-18 22:50:28.581 [info] fatal: not a git repository (or any of the parent directories): .git
2024-01-18 22:50:28.597 [info] > git rev-parse --show-toplevel [5ms]
2024-01-18 22:50:28.597 [info] fatal: not a git repository (or any of the parent directories): .git
2024-01-18 22:50:28.614 [info] > git rev-parse --show-toplevel [1ms]
2024-01-18 22:50:28.614 [info] fatal: not a git repository (or any parent up to mount point /)
Stopping at filesystem boundary (GIT_DISCOVERY_ACROSS_FILESYSTEM not set).
2024-01-18 22:50:28.673 [info] > git rev-parse --show-toplevel [10ms]
2024-01-18 22:50:28.673 [info] fatal: not a git repository (or any of the parent directories): .git
2024-01-18 22:50:28.688 [info] > git rev-parse --show-toplevel [3ms]
2024-01-18 22:50:28.688 [info] fatal: not a git repository (or any parent up to mount point /)
Stopping at filesystem boundary (GIT_DISCOVERY_ACROSS_FILESYSTEM not set).
2024-01-18 22:50:28.755 [info] > git rev-parse --show-toplevel [6ms]
2024-01-18 22:50:28.756 [info] fatal: not a git repository (or any of the parent directories): .git
2024-01-18 22:50:28.871 [info] > git rev-parse --show-toplevel [10ms]
2024-01-18 22:50:28.873 [info] fatal: not a git repository (or any of the parent directories): .git
2024-01-18 22:50:28.907 [info] > git rev-parse --show-toplevel [3ms]
2024-01-18 22:50:28.907 [info] fatal: not a git repository (or any parent up to mount point /)
Stopping at filesystem boundary (GIT_DISCOVERY_ACROSS_FILESYSTEM not set).
2024-01-18 22:50:28.930 [info] > git rev-parse --show-toplevel [3ms]
2024-01-18 22:50:28.930 [info] fatal: not a git repository (or any of the parent directories): .git
2024-01-18 22:50:28.966 [info] > git rev-parse --show-toplevel [5ms]
2024-01-18 22:50:28.966 [info] fatal: not a git repository (or any of the parent directories): .git
2024-01-18 22:50:28.992 [info] > git rev-parse --show-toplevel [4ms]
2024-01-18 22:50:28.993 [info] fatal: not a git repository (or any of the parent directories): .git
